#
# There is insufficient memory for the Java Runtime Environment to continue.
# Native memory allocation (malloc) failed to allocate 1273456 bytes for Chunk::new
# Possible reasons:
#   The system is out of physical RAM or swap space
#   The process is running with CompressedOops enabled, and the Java Heap may be blocking the growth of the native heap
# Possible solutions:
#   Reduce memory load on the system
#   Increase physical memory or swap space
#   Check if swap backing store is full
#   Decrease Java heap size (-Xmx/-Xms)
#   Decrease number of Java threads
#   Decrease Java thread stack sizes (-Xss)
#   Set larger code cache with -XX:ReservedCodeCacheSize=
#   JVM is running with Unscaled Compressed Oops mode in which the Java heap is
#     placed in the first 4GB address space. The Java Heap base address is the
#     maximum limit for the native heap growth. Please use -XX:HeapBaseMinAddress
#     to set the Java Heap base and to place the Java Heap above 4GB virtual address.
# This output file may be truncated or incomplete.
#
#  Out of Memory Error (arena.cpp:168), pid=1516, tid=17784
#
# JRE version: Java(TM) SE Runtime Environment (21.0.8+12) (build 21.0.8+12-LTS-250)
# Java VM: Java HotSpot(TM) 64-Bit Server VM (21.0.8+12-LTS-250, mixed mode, sharing, tiered, compressed oops, compressed class ptrs, g1 gc, windows-amd64)
# No core dump will be written. Minidumps are not enabled by default on client versions of Windows
#

---------------  S U M M A R Y ------------

Command Line: -Dfile.encoding=UTF-8 -Dstdout.encoding=UTF-8 -Dstderr.encoding=UTF-8 -XX:+ShowCodeDetailsInExceptionMessages com.example.hms.HmsApplication

Host: Intel(R) Core(TM) i5-1035G1 CPU @ 1.00GHz, 8 cores, 3G,  Windows 11 , 64 bit Build 26100 (10.0.26100.6725)
Time: Thu Oct 23 16:48:48 2025 India Standard Time elapsed time: 5733.815971 seconds (0d 1h 35m 33s)

---------------  T H R E A D  ---------------

Current thread (0x00000192c389e060):  JavaThread "C2 CompilerThread0" daemon [_thread_in_native, id=17784, stack(0x0000006b4de00000,0x0000006b4df00000) (1024K)]


Current CompileTask:
C2:5733823 10742       4       org.springframework.boot.devtools.filewatch.FileSystemWatcher$Watcher::scan (63 bytes)

Stack: [0x0000006b4de00000,0x0000006b4df00000]
Native frames: (J=compiled Java code, j=interpreted, Vv=VM code, C=native code)
V  [jvm.dll+0x6cc179]
V  [jvm.dll+0x8584c1]
V  [jvm.dll+0x85a9ee]
V  [jvm.dll+0x85b0c3]
V  [jvm.dll+0x27ebf6]
V  [jvm.dll+0xc4f4d]
V  [jvm.dll+0xc5483]
V  [jvm.dll+0x2f209d]
V  [jvm.dll+0x5f6daa]
V  [jvm.dll+0x250702]
V  [jvm.dll+0x24906f]
V  [jvm.dll+0x246b44]
V  [jvm.dll+0x1c7a3e]
V  [jvm.dll+0x256359]
V  [jvm.dll+0x2548ea]
V  [jvm.dll+0x3efef6]
V  [jvm.dll+0x80279b]
V  [jvm.dll+0x6ca85d]
C  [ucrtbase.dll+0x37b0]
C  [KERNEL32.DLL+0x2e8d7]
C  [ntdll.dll+0x8c53c]


---------------  P R O C E S S  ---------------

Threads class SMR info:
_java_thread_list=0x0000019309889330, length=30, elements={
0x00000192c385f020, 0x00000192c385fa70, 0x00000192c38642a0, 0x00000192c3885f90,
0x00000192c3887700, 0x00000192c3888e70, 0x00000192c389e060, 0x00000192c389eaf0,
0x00000192c3b1d590, 0x00000192c3b1e000, 0x000001930a87e8b0, 0x000001930d24ebb0,
0x000001930d253a70, 0x000001930d24de90, 0x000001930d24ff60, 0x000001930d2519a0,
0x000001930d24e520, 0x000001930d2554b0, 0x000001930d254790, 0x000001930d254e20,
0x000001930d2526c0, 0x000001930d252d50, 0x000001930d2533e0, 0x000001930d254100,
0x0000019309e383e0, 0x0000019309e3ab40, 0x0000019309e376c0, 0x0000019309e3a4b0,
0x0000019309e3b1d0, 0x0000019309e37d50
}

Java Threads: ( => current thread )
  0x00000192c385f020 JavaThread "Reference Handler"          daemon [_thread_blocked, id=22656, stack(0x0000006b4d800000,0x0000006b4d900000) (1024K)]
  0x00000192c385fa70 JavaThread "Finalizer"                  daemon [_thread_blocked, id=12176, stack(0x0000006b4d900000,0x0000006b4da00000) (1024K)]
  0x00000192c38642a0 JavaThread "Signal Dispatcher"          daemon [_thread_blocked, id=17808, stack(0x0000006b4da00000,0x0000006b4db00000) (1024K)]
  0x00000192c3885f90 JavaThread "Attach Listener"            daemon [_thread_blocked, id=5456, stack(0x0000006b4db00000,0x0000006b4dc00000) (1024K)]
  0x00000192c3887700 JavaThread "Service Thread"             daemon [_thread_blocked, id=16324, stack(0x0000006b4dc00000,0x0000006b4dd00000) (1024K)]
  0x00000192c3888e70 JavaThread "Monitor Deflation Thread"   daemon [_thread_blocked, id=21156, stack(0x0000006b4dd00000,0x0000006b4de00000) (1024K)]
=>0x00000192c389e060 JavaThread "C2 CompilerThread0"         daemon [_thread_in_native, id=17784, stack(0x0000006b4de00000,0x0000006b4df00000) (1024K)]
  0x00000192c389eaf0 JavaThread "C1 CompilerThread0"         daemon [_thread_blocked, id=18332, stack(0x0000006b4df00000,0x0000006b4e000000) (1024K)]
  0x00000192c3b1d590 JavaThread "Notification Thread"        daemon [_thread_blocked, id=1796, stack(0x0000006b4e000000,0x0000006b4e100000) (1024K)]
  0x00000192c3b1e000 JavaThread "Common-Cleaner"             daemon [_thread_blocked, id=11816, stack(0x0000006b4e100000,0x0000006b4e200000) (1024K)]
  0x000001930a87e8b0 JavaThread "mysql-cj-abandoned-connection-cleanup" daemon [_thread_blocked, id=16640, stack(0x0000006b4ea00000,0x0000006b4eb00000) (1024K)]
  0x000001930d24ebb0 JavaThread "Live Reload Server"         daemon [_thread_in_native, id=14312, stack(0x0000006b4f600000,0x0000006b4f700000) (1024K)]
  0x000001930d253a70 JavaThread "DestroyJavaVM"                     [_thread_blocked, id=9852, stack(0x0000006b4d000000,0x0000006b4d100000) (1024K)]
  0x000001930d24de90 JavaThread "HikariPool-7:housekeeper"   daemon [_thread_blocked, id=25380, stack(0x0000006b4cf00000,0x0000006b4d000000) (1024K)]
  0x000001930d24ff60 JavaThread "Catalina-utility-1"                [_thread_blocked, id=22288, stack(0x0000006b4e400000,0x0000006b4e500000) (1024K)]
  0x000001930d2519a0 JavaThread "Catalina-utility-2"                [_thread_blocked, id=23776, stack(0x0000006b4ee00000,0x0000006b4ef00000) (1024K)]
  0x000001930d24e520 JavaThread "container-0"                       [_thread_blocked, id=7840, stack(0x0000006b4ef00000,0x0000006b4f000000) (1024K)]
  0x000001930d2554b0 JavaThread "File Watcher"               daemon [_thread_blocked, id=25608, stack(0x0000006b4f000000,0x0000006b4f100000) (1024K)]
  0x000001930d254790 JavaThread "http-nio-8092-exec-1"       daemon [_thread_blocked, id=3440, stack(0x0000006b4f100000,0x0000006b4f200000) (1024K)]
  0x000001930d254e20 JavaThread "http-nio-8092-exec-2"       daemon [_thread_blocked, id=24812, stack(0x0000006b4f200000,0x0000006b4f300000) (1024K)]
  0x000001930d2526c0 JavaThread "http-nio-8092-exec-3"       daemon [_thread_blocked, id=23020, stack(0x0000006b4f300000,0x0000006b4f400000) (1024K)]
  0x000001930d252d50 JavaThread "http-nio-8092-exec-4"       daemon [_thread_blocked, id=18840, stack(0x0000006b4f400000,0x0000006b4f500000) (1024K)]
  0x000001930d2533e0 JavaThread "http-nio-8092-exec-5"       daemon [_thread_blocked, id=16736, stack(0x0000006b4f500000,0x0000006b4f600000) (1024K)]
  0x000001930d254100 JavaThread "http-nio-8092-exec-6"       daemon [_thread_blocked, id=24256, stack(0x0000006b4f700000,0x0000006b4f800000) (1024K)]
  0x0000019309e383e0 JavaThread "http-nio-8092-exec-7"       daemon [_thread_blocked, id=824, stack(0x0000006b4f800000,0x0000006b4f900000) (1024K)]
  0x0000019309e3ab40 JavaThread "http-nio-8092-exec-8"       daemon [_thread_blocked, id=6132, stack(0x0000006b4f900000,0x0000006b4fa00000) (1024K)]
  0x0000019309e376c0 JavaThread "http-nio-8092-exec-9"       daemon [_thread_blocked, id=12740, stack(0x0000006b4fa00000,0x0000006b4fb00000) (1024K)]
  0x0000019309e3a4b0 JavaThread "http-nio-8092-exec-10"      daemon [_thread_blocked, id=25180, stack(0x0000006b4fb00000,0x0000006b4fc00000) (1024K)]
  0x0000019309e3b1d0 JavaThread "http-nio-8092-Poller"       daemon [_thread_in_native, id=24324, stack(0x0000006b4fc00000,0x0000006b4fd00000) (1024K)]
  0x0000019309e37d50 JavaThread "http-nio-8092-Acceptor"     daemon [_thread_in_native, id=26448, stack(0x0000006b4fd00000,0x0000006b4fe00000) (1024K)]
Total: 30

Other Threads:
  0x00000192c38441a0 VMThread "VM Thread"                           [id=10756, stack(0x0000006b4d700000,0x0000006b4d800000) (1024K)]
  0x00000192c38341c0 WatcherThread "VM Periodic Task Thread"        [id=2552, stack(0x0000006b4d600000,0x0000006b4d700000) (1024K)]
  0x00000192a83d6070 WorkerThread "GC Thread#0"                     [id=12436, stack(0x0000006b4d100000,0x0000006b4d200000) (1024K)]
  0x00000193097ea860 WorkerThread "GC Thread#1"                     [id=4960, stack(0x0000006b4e500000,0x0000006b4e600000) (1024K)]
  0x00000193097eac00 WorkerThread "GC Thread#2"                     [id=15636, stack(0x0000006b4e600000,0x0000006b4e700000) (1024K)]
  0x0000019309846020 WorkerThread "GC Thread#3"                     [id=12652, stack(0x0000006b4e700000,0x0000006b4e800000) (1024K)]
  0x00000193098463c0 WorkerThread "GC Thread#4"                     [id=18252, stack(0x0000006b4e800000,0x0000006b4e900000) (1024K)]
  0x0000019309523df0 WorkerThread "GC Thread#5"                     [id=15556, stack(0x0000006b4e900000,0x0000006b4ea00000) (1024K)]
  0x0000019309bcca50 WorkerThread "GC Thread#6"                     [id=4056, stack(0x0000006b4eb00000,0x0000006b4ec00000) (1024K)]
  0x0000019309f87f20 WorkerThread "GC Thread#7"                     [id=19124, stack(0x0000006b4ec00000,0x0000006b4ed00000) (1024K)]
  0x00000192a83dea90 ConcurrentGCThread "G1 Main Marker"            [id=16032, stack(0x0000006b4d200000,0x0000006b4d300000) (1024K)]
  0x00000192a83e2270 WorkerThread "G1 Conc#0"                       [id=8040, stack(0x0000006b4d300000,0x0000006b4d400000) (1024K)]
  0x0000019309af3a60 WorkerThread "G1 Conc#1"                       [id=12064, stack(0x0000006b4ed00000,0x0000006b4ee00000) (1024K)]
  0x00000192a8451f50 ConcurrentGCThread "G1 Refine#0"               [id=15792, stack(0x0000006b4d400000,0x0000006b4d500000) (1024K)]
  0x00000192a8452770 ConcurrentGCThread "G1 Service"                [id=3532, stack(0x0000006b4d500000,0x0000006b4d600000) (1024K)]
Total: 15

Threads with active compile tasks:
C2 CompilerThread0  5734637 10742       4       org.springframework.boot.devtools.filewatch.FileSystemWatcher$Watcher::scan (63 bytes)
Total: 1

VM state: not at safepoint (normal execution)

VM Mutex/Monitor currently owned by a thread: None

Heap address: 0x00000000c3200000, size: 974 MB, Compressed Oops mode: 32-bit

CDS archive(s) mapped at: [0x00000192c4000000-0x00000192c4c90000-0x00000192c4c90000), size 13172736, SharedBaseAddress: 0x00000192c4000000, ArchiveRelocationMode: 1.
Compressed class space mapped at: 0x00000192c5000000-0x0000019305000000, reserved size: 1073741824
Narrow klass base: 0x00000192c4000000, Narrow klass shift: 0, Narrow klass range: 0x100000000

GC Precious Log:
 CardTable entry size: 512
 Card Set container configuration: InlinePtr #cards 5 size 8 Array Of Cards #cards 12 size 40 Howl #buckets 4 coarsen threshold 1843 Howl Bitmap #cards 512 size 80 coarsen threshold 460 Card regions per heap region 1 cards per card region 2048
 CPUs: 8 total, 8 available
 Memory: 3891M
 Large Page Support: Disabled
 NUMA Support: Disabled
 Compressed Oops: Enabled (32-bit)
 Heap Region Size: 1M
 Heap Min Capacity: 8M
 Heap Initial Capacity: 62M
 Heap Max Capacity: 974M
 Pre-touch: Disabled
 Parallel Workers: 8
 Concurrent Workers: 2
 Concurrent Refinement Workers: 8
 Periodic GC: Disabled

Heap:
 garbage-first heap   total 124928K, used 61643K [0x00000000c3200000, 0x0000000100000000)
  region size 1024K, 29 young (29696K), 3 survivors (3072K)
 Metaspace       used 78928K, committed 79680K, reserved 1179648K
  class space    used 10326K, committed 10688K, reserved 1048576K

Heap Regions: E=young(eden), S=young(survivor), O=old, HS=humongous(starts), HC=humongous(continues), CS=collection set, F=free, TAMS=top-at-mark-start, PB=parsable bottom
|   0|0x00000000c3200000, 0x00000000c3300000, 0x00000000c3300000|100%|HS|  |TAMS 0x00000000c3200000| PB 0x00000000c3200000| Complete 
|   1|0x00000000c3300000, 0x00000000c3400000, 0x00000000c3400000|100%|HS|  |TAMS 0x00000000c3300000| PB 0x00000000c3300000| Complete 
|   2|0x00000000c3400000, 0x00000000c34ffff0, 0x00000000c3500000| 99%| O|  |TAMS 0x00000000c3400000| PB 0x00000000c3400000| Untracked 
|   3|0x00000000c3500000, 0x00000000c35ffff8, 0x00000000c3600000| 99%| O|  |TAMS 0x00000000c3500000| PB 0x00000000c3500000| Untracked 
|   4|0x00000000c3600000, 0x00000000c36fffe8, 0x00000000c3700000| 99%| O|  |TAMS 0x00000000c3600000| PB 0x00000000c3600000| Untracked 
|   5|0x00000000c3700000, 0x00000000c37ffff8, 0x00000000c3800000| 99%| O|  |TAMS 0x00000000c3700000| PB 0x00000000c3700000| Untracked 
|   6|0x00000000c3800000, 0x00000000c3900000, 0x00000000c3900000|100%| O|  |TAMS 0x00000000c3800000| PB 0x00000000c3800000| Untracked 
|   7|0x00000000c3900000, 0x00000000c39fffd8, 0x00000000c3a00000| 99%| O|  |TAMS 0x00000000c3900000| PB 0x00000000c3900000| Untracked 
|   8|0x00000000c3a00000, 0x00000000c3b00000, 0x00000000c3b00000|100%| O|  |TAMS 0x00000000c3a00000| PB 0x00000000c3a00000| Untracked 
|   9|0x00000000c3b00000, 0x00000000c3bffff8, 0x00000000c3c00000| 99%| O|  |TAMS 0x00000000c3b00000| PB 0x00000000c3b00000| Untracked 
|  10|0x00000000c3c00000, 0x00000000c3cffff8, 0x00000000c3d00000| 99%| O|  |TAMS 0x00000000c3c00000| PB 0x00000000c3c00000| Untracked 
|  11|0x00000000c3d00000, 0x00000000c3dfffb0, 0x00000000c3e00000| 99%| O|  |TAMS 0x00000000c3d00000| PB 0x00000000c3d00000| Untracked 
|  12|0x00000000c3e00000, 0x00000000c3effff8, 0x00000000c3f00000| 99%| O|  |TAMS 0x00000000c3e00000| PB 0x00000000c3e00000| Untracked 
|  13|0x00000000c3f00000, 0x00000000c3fffff0, 0x00000000c4000000| 99%| O|  |TAMS 0x00000000c3f00000| PB 0x00000000c3f00000| Untracked 
|  14|0x00000000c4000000, 0x00000000c4100000, 0x00000000c4100000|100%| O|  |TAMS 0x00000000c4000000| PB 0x00000000c4000000| Untracked 
|  15|0x00000000c4100000, 0x00000000c41fffe8, 0x00000000c4200000| 99%| O|  |TAMS 0x00000000c4100000| PB 0x00000000c4100000| Untracked 
|  16|0x00000000c4200000, 0x00000000c4300000, 0x00000000c4300000|100%| O|  |TAMS 0x00000000c4200000| PB 0x00000000c4200000| Untracked 
|  17|0x00000000c4300000, 0x00000000c43ffff8, 0x00000000c4400000| 99%| O|  |TAMS 0x00000000c4300000| PB 0x00000000c4300000| Untracked 
|  18|0x00000000c4400000, 0x00000000c4500000, 0x00000000c4500000|100%| O|  |TAMS 0x00000000c4400000| PB 0x00000000c4400000| Untracked 
|  19|0x00000000c4500000, 0x00000000c45ffff8, 0x00000000c4600000| 99%| O|  |TAMS 0x00000000c4500000| PB 0x00000000c4500000| Untracked 
|  20|0x00000000c4600000, 0x00000000c46fff60, 0x00000000c4700000| 99%| O|  |TAMS 0x00000000c4600000| PB 0x00000000c4600000| Untracked 
|  21|0x00000000c4700000, 0x00000000c47fffe8, 0x00000000c4800000| 99%| O|  |TAMS 0x00000000c4700000| PB 0x00000000c4700000| Untracked 
|  22|0x00000000c4800000, 0x00000000c48fffe0, 0x00000000c4900000| 99%| O|  |TAMS 0x00000000c4800000| PB 0x00000000c4800000| Untracked 
|  23|0x00000000c4900000, 0x00000000c49fffc8, 0x00000000c4a00000| 99%| O|  |TAMS 0x00000000c4900000| PB 0x00000000c4900000| Untracked 
|  24|0x00000000c4a00000, 0x00000000c4afffe8, 0x00000000c4b00000| 99%| O|  |TAMS 0x00000000c4a00000| PB 0x00000000c4a00000| Untracked 
|  25|0x00000000c4b00000, 0x00000000c4b8c018, 0x00000000c4c00000| 54%| O|  |TAMS 0x00000000c4b00000| PB 0x00000000c4b00000| Untracked 
|  26|0x00000000c4c00000, 0x00000000c4cea3f8, 0x00000000c4d00000| 91%| O|  |TAMS 0x00000000c4c00000| PB 0x00000000c4c00000| Untracked 
|  27|0x00000000c4d00000, 0x00000000c4dfffb0, 0x00000000c4e00000| 99%| O|  |TAMS 0x00000000c4d00000| PB 0x00000000c4d00000| Untracked 
|  28|0x00000000c4e00000, 0x00000000c4effff0, 0x00000000c4f00000| 99%| O|  |TAMS 0x00000000c4e00000| PB 0x00000000c4e00000| Untracked 
|  29|0x00000000c4f00000, 0x00000000c4f018d0, 0x00000000c5000000|  0%| O|Cm|TAMS 0x00000000c4f00000| PB 0x00000000c4f00000| Complete 
|  30|0x00000000c5000000, 0x00000000c5100000, 0x00000000c5100000|100%| O|  |TAMS 0x00000000c5000000| PB 0x00000000c5000000| Untracked 
|  31|0x00000000c5100000, 0x00000000c5200000, 0x00000000c5200000|100%| O|  |TAMS 0x00000000c5100000| PB 0x00000000c5100000| Untracked 
|  32|0x00000000c5200000, 0x00000000c5203860, 0x00000000c5300000|  1%| O|  |TAMS 0x00000000c5200000| PB 0x00000000c5200000| Untracked 
|  33|0x00000000c5300000, 0x00000000c532f428, 0x00000000c5400000| 18%| O|  |TAMS 0x00000000c5300000| PB 0x00000000c5300000| Untracked 
|  34|0x00000000c5400000, 0x00000000c5500000, 0x00000000c5500000|100%| O|  |TAMS 0x00000000c5400000| PB 0x00000000c5400000| Untracked 
|  35|0x00000000c5500000, 0x00000000c55c5ed0, 0x00000000c5600000| 77%| O|  |TAMS 0x00000000c5500000| PB 0x00000000c5500000| Untracked 
|  36|0x00000000c5600000, 0x00000000c5600000, 0x00000000c5700000|  0%| F|  |TAMS 0x00000000c5600000| PB 0x00000000c5600000| Untracked 
|  37|0x00000000c5700000, 0x00000000c5700000, 0x00000000c5800000|  0%| F|  |TAMS 0x00000000c5700000| PB 0x00000000c5700000| Untracked 
|  38|0x00000000c5800000, 0x00000000c5800000, 0x00000000c5900000|  0%| F|  |TAMS 0x00000000c5800000| PB 0x00000000c5800000| Untracked 
|  39|0x00000000c5900000, 0x00000000c5900000, 0x00000000c5a00000|  0%| F|  |TAMS 0x00000000c5900000| PB 0x00000000c5900000| Untracked 
|  40|0x00000000c5a00000, 0x00000000c5a00000, 0x00000000c5b00000|  0%| F|  |TAMS 0x00000000c5a00000| PB 0x00000000c5a00000| Untracked 
|  41|0x00000000c5b00000, 0x00000000c5b00000, 0x00000000c5c00000|  0%| F|  |TAMS 0x00000000c5b00000| PB 0x00000000c5b00000| Untracked 
|  42|0x00000000c5c00000, 0x00000000c5c00000, 0x00000000c5d00000|  0%| F|  |TAMS 0x00000000c5c00000| PB 0x00000000c5c00000| Untracked 
|  43|0x00000000c5d00000, 0x00000000c5d00000, 0x00000000c5e00000|  0%| F|  |TAMS 0x00000000c5d00000| PB 0x00000000c5d00000| Untracked 
|  44|0x00000000c5e00000, 0x00000000c5ec27c0, 0x00000000c5f00000| 75%| S|CS|TAMS 0x00000000c5e00000| PB 0x00000000c5e00000| Complete 
|  45|0x00000000c5f00000, 0x00000000c6000000, 0x00000000c6000000|100%| S|CS|TAMS 0x00000000c5f00000| PB 0x00000000c5f00000| Complete 
|  46|0x00000000c6000000, 0x00000000c6100000, 0x00000000c6100000|100%| S|CS|TAMS 0x00000000c6000000| PB 0x00000000c6000000| Complete 
|  47|0x00000000c6100000, 0x00000000c6100000, 0x00000000c6200000|  0%| F|  |TAMS 0x00000000c6100000| PB 0x00000000c6100000| Untracked 
|  48|0x00000000c6200000, 0x00000000c6200000, 0x00000000c6300000|  0%| F|  |TAMS 0x00000000c6200000| PB 0x00000000c6200000| Untracked 
|  49|0x00000000c6300000, 0x00000000c6300000, 0x00000000c6400000|  0%| F|  |TAMS 0x00000000c6300000| PB 0x00000000c6300000| Untracked 
|  50|0x00000000c6400000, 0x00000000c6400000, 0x00000000c6500000|  0%| F|  |TAMS 0x00000000c6400000| PB 0x00000000c6400000| Untracked 
|  51|0x00000000c6500000, 0x00000000c6500000, 0x00000000c6600000|  0%| F|  |TAMS 0x00000000c6500000| PB 0x00000000c6500000| Untracked 
|  52|0x00000000c6600000, 0x00000000c6600000, 0x00000000c6700000|  0%| F|  |TAMS 0x00000000c6600000| PB 0x00000000c6600000| Untracked 
|  53|0x00000000c6700000, 0x00000000c6700000, 0x00000000c6800000|  0%| F|  |TAMS 0x00000000c6700000| PB 0x00000000c6700000| Untracked 
|  54|0x00000000c6800000, 0x00000000c6800000, 0x00000000c6900000|  0%| F|  |TAMS 0x00000000c6800000| PB 0x00000000c6800000| Untracked 
|  55|0x00000000c6900000, 0x00000000c6900000, 0x00000000c6a00000|  0%| F|  |TAMS 0x00000000c6900000| PB 0x00000000c6900000| Untracked 
|  56|0x00000000c6a00000, 0x00000000c6a00000, 0x00000000c6b00000|  0%| F|  |TAMS 0x00000000c6a00000| PB 0x00000000c6a00000| Untracked 
|  57|0x00000000c6b00000, 0x00000000c6b00000, 0x00000000c6c00000|  0%| F|  |TAMS 0x00000000c6b00000| PB 0x00000000c6b00000| Untracked 
|  58|0x00000000c6c00000, 0x00000000c6c00000, 0x00000000c6d00000|  0%| F|  |TAMS 0x00000000c6c00000| PB 0x00000000c6c00000| Untracked 
|  59|0x00000000c6d00000, 0x00000000c6d00000, 0x00000000c6e00000|  0%| F|  |TAMS 0x00000000c6d00000| PB 0x00000000c6d00000| Untracked 
|  60|0x00000000c6e00000, 0x00000000c6e00000, 0x00000000c6f00000|  0%| F|  |TAMS 0x00000000c6e00000| PB 0x00000000c6e00000| Untracked 
|  61|0x00000000c6f00000, 0x00000000c6f00000, 0x00000000c7000000|  0%| F|  |TAMS 0x00000000c6f00000| PB 0x00000000c6f00000| Untracked 
|  62|0x00000000c7000000, 0x00000000c7000000, 0x00000000c7100000|  0%| F|  |TAMS 0x00000000c7000000| PB 0x00000000c7000000| Untracked 
|  63|0x00000000c7100000, 0x00000000c7100000, 0x00000000c7200000|  0%| F|  |TAMS 0x00000000c7100000| PB 0x00000000c7100000| Untracked 
|  64|0x00000000c7200000, 0x00000000c7200000, 0x00000000c7300000|  0%| F|  |TAMS 0x00000000c7200000| PB 0x00000000c7200000| Untracked 
|  65|0x00000000c7300000, 0x00000000c7300000, 0x00000000c7400000|  0%| F|  |TAMS 0x00000000c7300000| PB 0x00000000c7300000| Untracked 
|  66|0x00000000c7400000, 0x00000000c7400000, 0x00000000c7500000|  0%| F|  |TAMS 0x00000000c7400000| PB 0x00000000c7400000| Untracked 
|  67|0x00000000c7500000, 0x00000000c7500000, 0x00000000c7600000|  0%| F|  |TAMS 0x00000000c7500000| PB 0x00000000c7500000| Untracked 
|  68|0x00000000c7600000, 0x00000000c7600000, 0x00000000c7700000|  0%| F|  |TAMS 0x00000000c7600000| PB 0x00000000c7600000| Untracked 
|  69|0x00000000c7700000, 0x00000000c7700000, 0x00000000c7800000|  0%| F|  |TAMS 0x00000000c7700000| PB 0x00000000c7700000| Untracked 
|  70|0x00000000c7800000, 0x00000000c7800000, 0x00000000c7900000|  0%| F|  |TAMS 0x00000000c7800000| PB 0x00000000c7800000| Untracked 
|  71|0x00000000c7900000, 0x00000000c7900000, 0x00000000c7a00000|  0%| F|  |TAMS 0x00000000c7900000| PB 0x00000000c7900000| Untracked 
|  72|0x00000000c7a00000, 0x00000000c7a00000, 0x00000000c7b00000|  0%| F|  |TAMS 0x00000000c7a00000| PB 0x00000000c7a00000| Untracked 
|  73|0x00000000c7b00000, 0x00000000c7b00000, 0x00000000c7c00000|  0%| F|  |TAMS 0x00000000c7b00000| PB 0x00000000c7b00000| Untracked 
|  74|0x00000000c7c00000, 0x00000000c7c00000, 0x00000000c7d00000|  0%| F|  |TAMS 0x00000000c7c00000| PB 0x00000000c7c00000| Untracked 
|  75|0x00000000c7d00000, 0x00000000c7d00000, 0x00000000c7e00000|  0%| F|  |TAMS 0x00000000c7d00000| PB 0x00000000c7d00000| Untracked 
|  76|0x00000000c7e00000, 0x00000000c7e00000, 0x00000000c7f00000|  0%| F|  |TAMS 0x00000000c7e00000| PB 0x00000000c7e00000| Untracked 
|  77|0x00000000c7f00000, 0x00000000c7f00000, 0x00000000c8000000|  0%| F|  |TAMS 0x00000000c7f00000| PB 0x00000000c7f00000| Untracked 
|  78|0x00000000c8000000, 0x00000000c8000000, 0x00000000c8100000|  0%| F|  |TAMS 0x00000000c8000000| PB 0x00000000c8000000| Untracked 
|  79|0x00000000c8100000, 0x00000000c8100000, 0x00000000c8200000|  0%| F|  |TAMS 0x00000000c8100000| PB 0x00000000c8100000| Untracked 
|  80|0x00000000c8200000, 0x00000000c8200000, 0x00000000c8300000|  0%| F|  |TAMS 0x00000000c8200000| PB 0x00000000c8200000| Untracked 
|  81|0x00000000c8300000, 0x00000000c8300000, 0x00000000c8400000|  0%| F|  |TAMS 0x00000000c8300000| PB 0x00000000c8300000| Untracked 
|  82|0x00000000c8400000, 0x00000000c8400000, 0x00000000c8500000|  0%| F|  |TAMS 0x00000000c8400000| PB 0x00000000c8400000| Untracked 
|  83|0x00000000c8500000, 0x00000000c8500000, 0x00000000c8600000|  0%| F|  |TAMS 0x00000000c8500000| PB 0x00000000c8500000| Untracked 
|  84|0x00000000c8600000, 0x00000000c8600000, 0x00000000c8700000|  0%| F|  |TAMS 0x00000000c8600000| PB 0x00000000c8600000| Untracked 
|  85|0x00000000c8700000, 0x00000000c8700000, 0x00000000c8800000|  0%| F|  |TAMS 0x00000000c8700000| PB 0x00000000c8700000| Untracked 
|  86|0x00000000c8800000, 0x00000000c8800000, 0x00000000c8900000|  0%| F|  |TAMS 0x00000000c8800000| PB 0x00000000c8800000| Untracked 
|  87|0x00000000c8900000, 0x00000000c8900000, 0x00000000c8a00000|  0%| F|  |TAMS 0x00000000c8900000| PB 0x00000000c8900000| Untracked 
|  88|0x00000000c8a00000, 0x00000000c8a00000, 0x00000000c8b00000|  0%| F|  |TAMS 0x00000000c8a00000| PB 0x00000000c8a00000| Untracked 
|  89|0x00000000c8b00000, 0x00000000c8b00000, 0x00000000c8c00000|  0%| F|  |TAMS 0x00000000c8b00000| PB 0x00000000c8b00000| Untracked 
|  90|0x00000000c8c00000, 0x00000000c8c00000, 0x00000000c8d00000|  0%| F|  |TAMS 0x00000000c8c00000| PB 0x00000000c8c00000| Untracked 
|  91|0x00000000c8d00000, 0x00000000c8d00000, 0x00000000c8e00000|  0%| F|  |TAMS 0x00000000c8d00000| PB 0x00000000c8d00000| Untracked 
|  92|0x00000000c8e00000, 0x00000000c8e00000, 0x00000000c8f00000|  0%| F|  |TAMS 0x00000000c8e00000| PB 0x00000000c8e00000| Untracked 
|  93|0x00000000c8f00000, 0x00000000c8f00000, 0x00000000c9000000|  0%| F|  |TAMS 0x00000000c8f00000| PB 0x00000000c8f00000| Untracked 
|  94|0x00000000c9000000, 0x00000000c9000000, 0x00000000c9100000|  0%| F|  |TAMS 0x00000000c9000000| PB 0x00000000c9000000| Untracked 
|  95|0x00000000c9100000, 0x00000000c9100000, 0x00000000c9200000|  0%| F|  |TAMS 0x00000000c9100000| PB 0x00000000c9100000| Untracked 
|  96|0x00000000c9200000, 0x00000000c92da8e0, 0x00000000c9300000| 85%| E|  |TAMS 0x00000000c9200000| PB 0x00000000c9200000| Complete 
|  97|0x00000000c9300000, 0x00000000c9400000, 0x00000000c9400000|100%| E|CS|TAMS 0x00000000c9300000| PB 0x00000000c9300000| Complete 
|  98|0x00000000c9400000, 0x00000000c9500000, 0x00000000c9500000|100%| E|CS|TAMS 0x00000000c9400000| PB 0x00000000c9400000| Complete 
|  99|0x00000000c9500000, 0x00000000c9600000, 0x00000000c9600000|100%| E|CS|TAMS 0x00000000c9500000| PB 0x00000000c9500000| Complete 
| 100|0x00000000c9600000, 0x00000000c9700000, 0x00000000c9700000|100%| E|CS|TAMS 0x00000000c9600000| PB 0x00000000c9600000| Complete 
| 101|0x00000000c9700000, 0x00000000c9800000, 0x00000000c9800000|100%| E|CS|TAMS 0x00000000c9700000| PB 0x00000000c9700000| Complete 
| 102|0x00000000c9800000, 0x00000000c9900000, 0x00000000c9900000|100%| E|CS|TAMS 0x00000000c9800000| PB 0x00000000c9800000| Complete 
| 103|0x00000000c9900000, 0x00000000c9a00000, 0x00000000c9a00000|100%| E|CS|TAMS 0x00000000c9900000| PB 0x00000000c9900000| Complete 
| 104|0x00000000c9a00000, 0x00000000c9b00000, 0x00000000c9b00000|100%| E|CS|TAMS 0x00000000c9a00000| PB 0x00000000c9a00000| Complete 
| 105|0x00000000c9b00000, 0x00000000c9c00000, 0x00000000c9c00000|100%| E|CS|TAMS 0x00000000c9b00000| PB 0x00000000c9b00000| Complete 
| 106|0x00000000c9c00000, 0x00000000c9d00000, 0x00000000c9d00000|100%| E|CS|TAMS 0x00000000c9c00000| PB 0x00000000c9c00000| Complete 
| 107|0x00000000c9d00000, 0x00000000c9e00000, 0x00000000c9e00000|100%| E|CS|TAMS 0x00000000c9d00000| PB 0x00000000c9d00000| Complete 
| 108|0x00000000c9e00000, 0x00000000c9f00000, 0x00000000c9f00000|100%| E|CS|TAMS 0x00000000c9e00000| PB 0x00000000c9e00000| Complete 
| 109|0x00000000c9f00000, 0x00000000ca000000, 0x00000000ca000000|100%| E|CS|TAMS 0x00000000c9f00000| PB 0x00000000c9f00000| Complete 
| 110|0x00000000ca000000, 0x00000000ca100000, 0x00000000ca100000|100%| E|CS|TAMS 0x00000000ca000000| PB 0x00000000ca000000| Complete 
| 111|0x00000000ca100000, 0x00000000ca200000, 0x00000000ca200000|100%| E|CS|TAMS 0x00000000ca100000| PB 0x00000000ca100000| Complete 
| 112|0x00000000ca200000, 0x00000000ca300000, 0x00000000ca300000|100%| E|CS|TAMS 0x00000000ca200000| PB 0x00000000ca200000| Complete 
| 113|0x00000000ca300000, 0x00000000ca400000, 0x00000000ca400000|100%| E|CS|TAMS 0x00000000ca300000| PB 0x00000000ca300000| Complete 
| 114|0x00000000ca400000, 0x00000000ca500000, 0x00000000ca500000|100%| E|CS|TAMS 0x00000000ca400000| PB 0x00000000ca400000| Complete 
| 115|0x00000000ca500000, 0x00000000ca600000, 0x00000000ca600000|100%| E|CS|TAMS 0x00000000ca500000| PB 0x00000000ca500000| Complete 
| 116|0x00000000ca600000, 0x00000000ca700000, 0x00000000ca700000|100%| E|CS|TAMS 0x00000000ca600000| PB 0x00000000ca600000| Complete 
| 117|0x00000000ca700000, 0x00000000ca800000, 0x00000000ca800000|100%| E|CS|TAMS 0x00000000ca700000| PB 0x00000000ca700000| Complete 
| 118|0x00000000ca800000, 0x00000000ca900000, 0x00000000ca900000|100%| E|CS|TAMS 0x00000000ca800000| PB 0x00000000ca800000| Complete 
| 119|0x00000000ca900000, 0x00000000caa00000, 0x00000000caa00000|100%| E|CS|TAMS 0x00000000ca900000| PB 0x00000000ca900000| Complete 
| 120|0x00000000caa00000, 0x00000000cab00000, 0x00000000cab00000|100%| E|CS|TAMS 0x00000000caa00000| PB 0x00000000caa00000| Complete 
| 121|0x00000000cab00000, 0x00000000cac00000, 0x00000000cac00000|100%| E|CS|TAMS 0x00000000cab00000| PB 0x00000000cab00000| Complete 

Card table byte_map: [0x00000192bfd50000,0x00000192bff40000] _byte_map_base: 0x00000192bf737000

Marking Bits: (CMBitMap*) 0x00000192a83d6770
 Bits: [0x00000192bff40000, 0x00000192c0e78000)

Polling page: 0x00000192a60e0000

Metaspace:

Usage:
  Non-class:     66.99 MB used.
      Class:     10.08 MB used.
       Both:     77.08 MB used.

Virtual space:
  Non-class space:      128.00 MB reserved,      67.38 MB ( 53%) committed,  2 nodes.
      Class space:        1.00 GB reserved,      10.44 MB (  1%) committed,  1 nodes.
             Both:        1.12 GB reserved,      77.81 MB (  7%) committed. 

Chunk freelists:
   Non-Class:  12.41 MB
       Class:  5.57 MB
        Both:  17.98 MB

MaxMetaspaceSize: unlimited
CompressedClassSpaceSize: 1.00 GB
Initial GC threshold: 21.00 MB
Current GC threshold: 128.75 MB
CDS: on
 - commit_granule_bytes: 65536.
 - commit_granule_words: 8192.
 - virtual_space_node_default_size: 8388608.
 - enlarge_chunks_in_place: 1.
 - use_allocation_guard: 0.


Internal statistics:

num_allocs_failed_limit: 6.
num_arena_births: 1292.
num_arena_deaths: 462.
num_vsnodes_births: 3.
num_vsnodes_deaths: 0.
num_space_committed: 1245.
num_space_uncommitted: 0.
num_chunks_returned_to_freelist: 542.
num_chunks_taken_from_freelist: 4409.
num_chunk_merges: 115.
num_chunk_splits: 2944.
num_chunks_enlarged: 2316.
num_inconsistent_stats: 0.

CodeHeap 'non-profiled nmethods': size=120000Kb used=5802Kb max_used=5802Kb free=114198Kb
 bounds [0x00000192b8300000, 0x00000192b88b0000, 0x00000192bf830000]
CodeHeap 'profiled nmethods': size=120000Kb used=12717Kb max_used=12717Kb free=107282Kb
 bounds [0x00000192b0830000, 0x00000192b14b0000, 0x00000192b7d60000]
CodeHeap 'non-nmethods': size=5760Kb used=1890Kb max_used=1942Kb free=3869Kb
 bounds [0x00000192b7d60000, 0x00000192b7fd0000, 0x00000192b8300000]
 total_blobs=7292 nmethods=6578 adapters=617
 compilation: enabled
              stopped_count=0, restarted_count=0
 full_count=0

Compilation events (20 events):
Event: 5602.887 Thread 0x00000192c389e060 nmethod 10731 0x00000192b8896010 code [0x00000192b8896540, 0x00000192b8899020]
Event: 5602.892 Thread 0x00000192c389e060 10732       4       java.nio.channels.spi.AbstractSelector::begin (48 bytes)
Event: 5602.911 Thread 0x00000192c389e060 nmethod 10732 0x00000192b889ac10 code [0x00000192b889adc0, 0x00000192b889b2e8]
Event: 5603.269 Thread 0x00000192c389e060 10733   !   4       org.apache.tomcat.util.net.NioEndpoint$Poller::timeout (501 bytes)
Event: 5603.563 Thread 0x00000192c389e060 nmethod 10733 0x00000192b889b510 code [0x00000192b889b880, 0x00000192b889c8b0]
Event: 5649.459 Thread 0x00000192c389e060 10734   !   4       java.io.WinNTFileSystem::list (27 bytes)
Event: 5649.614 Thread 0x00000192c389e060 nmethod 10734 0x00000192b889d390 code [0x00000192b889d540, 0x00000192b889d690]
Event: 5657.809 Thread 0x00000192c389e060 10735       4       java.io.File::normalizedList (86 bytes)
Event: 5657.941 Thread 0x00000192c389e060 nmethod 10735 0x00000192b889d810 code [0x00000192b889d9e0, 0x00000192b889de38]
Event: 5657.942 Thread 0x00000192c389e060 10736       4       java.io.File::listFiles (52 bytes)
Event: 5658.038 Thread 0x00000192c389e060 nmethod 10736 0x00000192b889e210 code [0x00000192b889e420, 0x00000192b889ecc8]
Event: 5703.175 Thread 0x00000192c389eaf0 10737       3       com.mysql.cj.protocol.a.NativeMessageBuilder::buildComPing (29 bytes)
Event: 5703.254 Thread 0x00000192c389eaf0 nmethod 10737 0x00000192b14a1110 code [0x00000192b14a12e0, 0x00000192b14a1548]
Event: 5708.407 Thread 0x00000192c389eaf0 10738       3       org.springframework.boot.web.embedded.tomcat.TomcatWebServer$$Lambda/0x00000192c5434548::lifecycleEvent (13 bytes)
Event: 5708.501 Thread 0x00000192c389eaf0 nmethod 10738 0x00000192b14a1690 code [0x00000192b14a18e0, 0x00000192b14a21d8]
Event: 5722.805 Thread 0x00000192c389e060 10740       4       org.springframework.boot.devtools.filewatch.DirectorySnapshot::<init> (70 bytes)
Event: 5723.598 Thread 0x00000192c389e060 nmethod 10740 0x00000192b889f190 code [0x00000192b889f6e0, 0x00000192b88a3a60]
Event: 5723.846 Thread 0x00000192c389e060 10741       4       org.springframework.boot.devtools.filewatch.FileSystemWatcher$Watcher::getCurrentSnapshots (63 bytes)
Event: 5724.141 Thread 0x00000192c389e060 nmethod 10741 0x00000192b88a5d10 code [0x00000192b88a60a0, 0x00000192b88a86f0]
Event: 5731.630 Thread 0x00000192c389e060 10742       4       org.springframework.boot.devtools.filewatch.FileSystemWatcher$Watcher::scan (63 bytes)

GC Heap History (20 events):
Event: 4416.305 GC heap before
{Heap before GC invocations=45 (full 3):
 garbage-first heap   total 72704K, used 60555K [0x00000000c3200000, 0x0000000100000000)
  region size 1024K, 31 young (31744K), 4 survivors (4096K)
 Metaspace       used 77199K, committed 77952K, reserved 1179648K
  class space    used 10242K, committed 10560K, reserved 1048576K
}
Event: 4416.319 GC heap after
{Heap after GC invocations=46 (full 3):
 garbage-first heap   total 88064K, used 34774K [0x00000000c3200000, 0x0000000100000000)
  region size 1024K, 3 young (3072K), 3 survivors (3072K)
 Metaspace       used 77199K, committed 77952K, reserved 1179648K
  class space    used 10242K, committed 10560K, reserved 1048576K
}
Event: 4439.667 GC heap before
{Heap before GC invocations=46 (full 3):
 garbage-first heap   total 88064K, used 36822K [0x00000000c3200000, 0x0000000100000000)
  region size 1024K, 6 young (6144K), 3 survivors (3072K)
 Metaspace       used 77212K, committed 77952K, reserved 1179648K
  class space    used 10243K, committed 10560K, reserved 1048576K
}
Event: 4440.477 GC heap after
{Heap after GC invocations=47 (full 4):
 garbage-first heap   total 88064K, used 28664K [0x00000000c3200000, 0x0000000100000000)
  region size 1024K, 0 young (0K), 0 survivors (0K)
 Metaspace       used 77125K, committed 77952K, reserved 1179648K
  class space    used 10224K, committed 10560K, reserved 1048576K
}
Event: 4444.999 GC heap before
{Heap before GC invocations=47 (full 4):
 garbage-first heap   total 88064K, used 70648K [0x00000000c3200000, 0x0000000100000000)
  region size 1024K, 41 young (41984K), 0 survivors (0K)
 Metaspace       used 77259K, committed 77952K, reserved 1179648K
  class space    used 10231K, committed 10560K, reserved 1048576K
}
Event: 4445.134 GC heap after
{Heap after GC invocations=48 (full 4):
 garbage-first heap   total 88064K, used 32666K [0x00000000c3200000, 0x0000000100000000)
  region size 1024K, 4 young (4096K), 4 survivors (4096K)
 Metaspace       used 77259K, committed 77952K, reserved 1179648K
  class space    used 10231K, committed 10560K, reserved 1048576K
}
Event: 4446.368 GC heap before
{Heap before GC invocations=49 (full 4):
 garbage-first heap   total 88064K, used 72602K [0x00000000c3200000, 0x0000000100000000)
  region size 1024K, 43 young (44032K), 4 survivors (4096K)
 Metaspace       used 77510K, committed 78208K, reserved 1179648K
  class space    used 10244K, committed 10624K, reserved 1048576K
}
Event: 4446.380 GC heap after
{Heap after GC invocations=50 (full 4):
 garbage-first heap   total 88064K, used 34926K [0x00000000c3200000, 0x0000000100000000)
  region size 1024K, 3 young (3072K), 3 survivors (3072K)
 Metaspace       used 77510K, committed 78208K, reserved 1179648K
  class space    used 10244K, committed 10624K, reserved 1048576K
}
Event: 5003.304 GC heap before
{Heap before GC invocations=50 (full 4):
 garbage-first heap   total 88064K, used 59502K [0x00000000c3200000, 0x0000000100000000)
  region size 1024K, 28 young (28672K), 3 survivors (3072K)
 Metaspace       used 77728K, committed 78528K, reserved 1179648K
  class space    used 10257K, committed 10624K, reserved 1048576K
}
Event: 5004.377 GC heap after
{Heap after GC invocations=51 (full 5):
 garbage-first heap   total 88064K, used 29079K [0x00000000c3200000, 0x0000000100000000)
  region size 1024K, 0 young (0K), 0 survivors (0K)
 Metaspace       used 77709K, committed 78528K, reserved 1179648K
  class space    used 10255K, committed 10624K, reserved 1048576K
}
Event: 5007.409 GC heap before
{Heap before GC invocations=51 (full 5):
 garbage-first heap   total 88064K, used 73111K [0x00000000c3200000, 0x0000000100000000)
  region size 1024K, 43 young (44032K), 0 survivors (0K)
 Metaspace       used 77885K, committed 78656K, reserved 1179648K
  class space    used 10268K, committed 10624K, reserved 1048576K
}
Event: 5007.433 GC heap after
{Heap after GC invocations=52 (full 5):
 garbage-first heap   total 88064K, used 33433K [0x00000000c3200000, 0x0000000100000000)
  region size 1024K, 5 young (5120K), 5 survivors (5120K)
 Metaspace       used 77885K, committed 78656K, reserved 1179648K
  class space    used 10268K, committed 10624K, reserved 1048576K
}
Event: 5008.432 GC heap before
{Heap before GC invocations=53 (full 5):
 garbage-first heap   total 88064K, used 74393K [0x00000000c3200000, 0x0000000100000000)
  region size 1024K, 45 young (46080K), 5 survivors (5120K)
 Metaspace       used 78156K, committed 78848K, reserved 1179648K
  class space    used 10279K, committed 10624K, reserved 1048576K
}
Event: 5008.444 GC heap after
{Heap after GC invocations=54 (full 5):
 garbage-first heap   total 88064K, used 35696K [0x00000000c3200000, 0x0000000100000000)
  region size 1024K, 3 young (3072K), 3 survivors (3072K)
 Metaspace       used 78156K, committed 78848K, reserved 1179648K
  class space    used 10279K, committed 10624K, reserved 1048576K
}
Event: 5088.969 GC heap before
{Heap before GC invocations=54 (full 5):
 garbage-first heap   total 88064K, used 44912K [0x00000000c3200000, 0x0000000100000000)
  region size 1024K, 13 young (13312K), 3 survivors (3072K)
 Metaspace       used 78370K, committed 79104K, reserved 1179648K
  class space    used 10292K, committed 10624K, reserved 1048576K
}
Event: 5090.114 GC heap after
{Heap after GC invocations=55 (full 6):
 garbage-first heap   total 88064K, used 29353K [0x00000000c3200000, 0x0000000100000000)
  region size 1024K, 0 young (0K), 0 survivors (0K)
 Metaspace       used 78351K, committed 79104K, reserved 1179648K
  class space    used 10290K, committed 10624K, reserved 1048576K
}
Event: 5095.284 GC heap before
{Heap before GC invocations=55 (full 6):
 garbage-first heap   total 88064K, used 71337K [0x00000000c3200000, 0x0000000100000000)
  region size 1024K, 42 young (43008K), 0 survivors (0K)
 Metaspace       used 78489K, committed 79232K, reserved 1179648K
  class space    used 10302K, committed 10624K, reserved 1048576K
}
Event: 5095.302 GC heap after
{Heap after GC invocations=56 (full 6):
 garbage-first heap   total 88064K, used 33619K [0x00000000c3200000, 0x0000000100000000)
  region size 1024K, 5 young (5120K), 5 survivors (5120K)
 Metaspace       used 78489K, committed 79232K, reserved 1179648K
  class space    used 10302K, committed 10624K, reserved 1048576K
}
Event: 5095.904 GC heap before
{Heap before GC invocations=57 (full 6):
 garbage-first heap   total 88064K, used 72531K [0x00000000c3200000, 0x0000000100000000)
  region size 1024K, 44 young (45056K), 5 survivors (5120K)
 Metaspace       used 78727K, committed 79488K, reserved 1179648K
  class space    used 10314K, committed 10688K, reserved 1048576K
}
Event: 5095.920 GC heap after
{Heap after GC invocations=58 (full 6):
 garbage-first heap   total 124928K, used 36043K [0x00000000c3200000, 0x0000000100000000)
  region size 1024K, 3 young (3072K), 3 survivors (3072K)
 Metaspace       used 78727K, committed 79488K, reserved 1179648K
  class space    used 10314K, committed 10688K, reserved 1048576K
}

Dll operation events (11 events):
Event: 0.025 Loaded shared library C:\Program Files\Java\jdk-21\bin\java.dll
Event: 0.083 Loaded shared library C:\Program Files\Java\jdk-21\bin\jsvml.dll
Event: 0.197 Loaded shared library C:\Program Files\Java\jdk-21\bin\net.dll
Event: 0.200 Loaded shared library C:\Program Files\Java\jdk-21\bin\nio.dll
Event: 0.205 Loaded shared library C:\Program Files\Java\jdk-21\bin\zip.dll
Event: 0.407 Loaded shared library C:\Program Files\Java\jdk-21\bin\jimage.dll
Event: 0.944 Loaded shared library C:\Program Files\Java\jdk-21\bin\management.dll
Event: 0.954 Loaded shared library C:\Program Files\Java\jdk-21\bin\management_ext.dll
Event: 3.762 Loaded shared library C:\Program Files\Java\jdk-21\bin\sunmscapi.dll
Event: 8.608 Loaded shared library C:\Program Files\Java\jdk-21\bin\verify.dll
Event: 9.430 Loaded shared library C:\Program Files\Java\jdk-21\bin\extnet.dll

Deoptimization events (20 events):
Event: 5430.985 Thread 0x000001930d2519a0 Uncommon trap: trap_request=0xffffffbe fr.pc=0x00000192b8890eb0 relative=0x0000000000000370
Event: 5430.985 Thread 0x000001930d2519a0 Uncommon trap: reason=profile_predicate action=maybe_recompile pc=0x00000192b8890eb0 method=java.util.concurrent.ConcurrentHashMap$Traverser.advance()Ljava/util/concurrent/ConcurrentHashMap$Node; @ 15 c2
Event: 5430.985 Thread 0x000001930d2519a0 DEOPT PACKING pc=0x00000192b8890eb0 sp=0x0000006b4eeff150
Event: 5430.986 Thread 0x000001930d2519a0 DEOPT UNPACKING pc=0x00000192b7db7da2 sp=0x0000006b4eefeea8 mode 2
Event: 5431.970 Thread 0x000001930d2519a0 Uncommon trap: trap_request=0xffffffbe fr.pc=0x00000192b8890eb0 relative=0x0000000000000370
Event: 5431.970 Thread 0x000001930d2519a0 Uncommon trap: reason=profile_predicate action=maybe_recompile pc=0x00000192b8890eb0 method=java.util.concurrent.ConcurrentHashMap$Traverser.advance()Ljava/util/concurrent/ConcurrentHashMap$Node; @ 15 c2
Event: 5431.971 Thread 0x000001930d2519a0 DEOPT PACKING pc=0x00000192b8890eb0 sp=0x0000006b4eeff150
Event: 5431.971 Thread 0x000001930d2519a0 DEOPT UNPACKING pc=0x00000192b7db7da2 sp=0x0000006b4eefeea8 mode 2
Event: 5432.973 Thread 0x000001930d2519a0 Uncommon trap: trap_request=0xffffffbe fr.pc=0x00000192b8890eb0 relative=0x0000000000000370
Event: 5432.973 Thread 0x000001930d2519a0 Uncommon trap: reason=profile_predicate action=maybe_recompile pc=0x00000192b8890eb0 method=java.util.concurrent.ConcurrentHashMap$Traverser.advance()Ljava/util/concurrent/ConcurrentHashMap$Node; @ 15 c2
Event: 5432.973 Thread 0x000001930d2519a0 DEOPT PACKING pc=0x00000192b8890eb0 sp=0x0000006b4eeff150
Event: 5432.979 Thread 0x000001930d2519a0 DEOPT UNPACKING pc=0x00000192b7db7da2 sp=0x0000006b4eefeea8 mode 2
Event: 5539.655 Thread 0x000001930d2554b0 Uncommon trap: trap_request=0xffffff45 fr.pc=0x00000192b8718d84 relative=0x0000000000004844
Event: 5539.673 Thread 0x000001930d2554b0 Uncommon trap: reason=unstable_if action=reinterpret pc=0x00000192b8718d84 method=org.springframework.boot.devtools.filewatch.DirectorySnapshot.collectFiles(Ljava/io/File;Ljava/util/Set;)V @ 73 c2
Event: 5539.680 Thread 0x000001930d2554b0 DEOPT PACKING pc=0x00000192b8718d84 sp=0x0000006b4f0fec80
Event: 5539.691 Thread 0x000001930d2554b0 DEOPT UNPACKING pc=0x00000192b7db7da2 sp=0x0000006b4f0fec80 mode 2
Event: 5540.094 Thread 0x000001930d2554b0 Uncommon trap: trap_request=0xffffff45 fr.pc=0x00000192b846abdc relative=0x000000000000019c
Event: 5540.096 Thread 0x000001930d2554b0 Uncommon trap: reason=unstable_if action=reinterpret pc=0x00000192b846abdc method=java.util.AbstractSet.equals(Ljava/lang/Object;)Z @ 31 c2
Event: 5540.096 Thread 0x000001930d2554b0 DEOPT PACKING pc=0x00000192b846abdc sp=0x0000006b4f0feea0
Event: 5540.098 Thread 0x000001930d2554b0 DEOPT UNPACKING pc=0x00000192b7db7da2 sp=0x0000006b4f0fee28 mode 2

Classes loaded (20 events):
Event: 286.526 Loading class javax/crypto/JceSecurity$3
Event: 286.526 Loading class javax/crypto/JceSecurity$3 done
Event: 286.526 Loading class javax/crypto/ProviderVerifier
Event: 286.527 Loading class javax/crypto/ProviderVerifier done
Event: 286.527 Loading class javax/crypto/ProviderVerifier$1
Event: 286.527 Loading class javax/crypto/ProviderVerifier$1 done
Event: 286.529 Loading class com/sun/crypto/provider/HmacCore$HmacSHA256
Event: 286.530 Loading class com/sun/crypto/provider/HmacCore
Event: 286.531 Loading class javax/crypto/MacSpi
Event: 286.531 Loading class javax/crypto/MacSpi done
Event: 286.531 Loading class com/sun/crypto/provider/HmacCore done
Event: 286.531 Loading class com/sun/crypto/provider/HmacCore$HmacSHA256 done
Event: 286.563 Loading class java/util/stream/LongStream
Event: 286.566 Loading class java/util/stream/LongStream done
Event: 286.567 Loading class java/util/stream/DoubleStream
Event: 286.567 Loading class java/util/stream/DoubleStream done
Event: 4413.739 Loading class java/lang/invoke/MethodHandleImpl$CountingWrapper$1
Event: 4413.740 Loading class java/lang/invoke/MethodHandleImpl$CountingWrapper$1 done
Event: 4415.289 Loading class java/time/DurationEditor
Event: 4415.290 Loading class java/time/DurationEditor done

Classes unloaded (20 events):
Event: 4439.778 Thread 0x00000192c38441a0 Unloading class 0x00000192c5458800 'java/lang/invoke/LambdaForm$MH+0x00000192c5458800'
Event: 4439.779 Thread 0x00000192c38441a0 Unloading class 0x00000192c5458400 'java/lang/invoke/LambdaForm$MH+0x00000192c5458400'
Event: 4439.779 Thread 0x00000192c38441a0 Unloading class 0x00000192c5458000 'java/lang/invoke/LambdaForm$MH+0x00000192c5458000'
Event: 4439.779 Thread 0x00000192c38441a0 Unloading class 0x00000192c5450400 'java/lang/invoke/LambdaForm$MH+0x00000192c5450400'
Event: 4439.779 Thread 0x00000192c38441a0 Unloading class 0x00000192c5418c00 'java/lang/invoke/LambdaForm$MH+0x00000192c5418c00'
Event: 4439.780 Thread 0x00000192c38441a0 Unloading class 0x00000192c53fc800 'java/lang/invoke/LambdaForm$MH+0x00000192c53fc800'
Event: 4439.780 Thread 0x00000192c38441a0 Unloading class 0x00000192c53f6000 'java/lang/invoke/LambdaForm$MH+0x00000192c53f6000'
Event: 4439.780 Thread 0x00000192c38441a0 Unloading class 0x00000192c53f5800 'java/lang/invoke/LambdaForm$MH+0x00000192c53f5800'
Event: 4439.780 Thread 0x00000192c38441a0 Unloading class 0x00000192c53e0800 'java/lang/invoke/LambdaForm$MH+0x00000192c53e0800'
Event: 4439.781 Thread 0x00000192c38441a0 Unloading class 0x00000192c53d0400 'java/lang/invoke/LambdaForm$MH+0x00000192c53d0400'
Event: 4439.781 Thread 0x00000192c38441a0 Unloading class 0x00000192c53b4800 'java/lang/invoke/LambdaForm$MH+0x00000192c53b4800'
Event: 4439.781 Thread 0x00000192c38441a0 Unloading class 0x00000192c53ae800 'java/lang/invoke/LambdaForm$MH+0x00000192c53ae800'
Event: 4439.782 Thread 0x00000192c38441a0 Unloading class 0x00000192c53a0800 'java/lang/invoke/LambdaForm$MH+0x00000192c53a0800'
Event: 4439.782 Thread 0x00000192c38441a0 Unloading class 0x00000192c51e4000 'java/lang/invoke/LambdaForm$MH+0x00000192c51e4000'
Event: 4439.782 Thread 0x00000192c38441a0 Unloading class 0x00000192c50d1c00 'java/lang/invoke/LambdaForm$MH+0x00000192c50d1c00'
Event: 4439.782 Thread 0x00000192c38441a0 Unloading class 0x00000192c5008400 'java/lang/invoke/LambdaForm$MH+0x00000192c5008400'
Event: 5003.414 Thread 0x00000192c38441a0 Unloading class 0x00000192c59d8340 'org/apache/catalina/loader/JdbcLeakPrevention'
Event: 5003.414 Thread 0x00000192c38441a0 Unloading class 0x00000192c59d8000 'jdk/proxy11/$Proxy148'
Event: 5089.121 Thread 0x00000192c38441a0 Unloading class 0x00000192c5092b40 'org/apache/catalina/loader/JdbcLeakPrevention'
Event: 5089.122 Thread 0x00000192c38441a0 Unloading class 0x00000192c5092800 'jdk/proxy13/$Proxy153'

Classes redefined (0 events):
No events

Internal exceptions (20 events):
Event: 5006.229 Thread 0x0000019309e3a4b0 Exception <a 'java/lang/NoClassDefFoundError'{0x00000000c6eca518}: org/jooq/DSLContext> (0x00000000c6eca518) 
thrown [s\open\src\hotspot\share\oops\constantPool.cpp, line 873]
Event: 5006.234 Thread 0x0000019309e3a4b0 Exception <a 'java/lang/NoClassDefFoundError'{0x00000000c6d0f208}: org/springframework/batch/core/repository/JobRepository> (0x00000000c6d0f208) 
thrown [s\open\src\hotspot\share\oops\constantPool.cpp, line 873]
Event: 5006.235 Thread 0x0000019309e3a4b0 Exception <a 'java/lang/NoClassDefFoundError'{0x00000000c6d0f860}: org/quartz/Scheduler> (0x00000000c6d0f860) 
thrown [s\open\src\hotspot\share\oops\constantPool.cpp, line 873]
Event: 5006.237 Thread 0x0000019309e3a4b0 Exception <a 'java/lang/NoClassDefFoundError'{0x00000000c6d0fee0}: org/springframework/session/jdbc/JdbcIndexedSessionRepository> (0x00000000c6d0fee0) 
thrown [s\open\src\hotspot\share\oops\constantPool.cpp, line 873]
Event: 5006.447 Thread 0x0000019309e3a4b0 Exception <a 'java/io/FileNotFoundException'{0x00000000c6526c98}> (0x00000000c6526c98) 
thrown [s\open\src\hotspot\share\prims\jni.cpp, line 520]
Event: 5008.063 Thread 0x0000019309e3a4b0 Exception <a 'java/io/FileNotFoundException'{0x00000000c7c4e5b0}> (0x00000000c7c4e5b0) 
thrown [s\open\src\hotspot\share\prims\jni.cpp, line 520]
Event: 5088.961 Thread 0x0000019309e383e0 Exception <a 'java/lang/InterruptedException'{0x00000000c7ecf3f0}: sleep interrupted> (0x00000000c7ecf3f0) 
thrown [s\open\src\hotspot\share\prims\jvm.cpp, line 3074]
Event: 5090.396 Thread 0x000001930d251310 Exception <a 'sun/nio/fs/WindowsException'{0x00000000c8778538}> (0x00000000c8778538) 
thrown [s\open\src\hotspot\share\prims\jni.cpp, line 520]
Event: 5093.298 Thread 0x000001930d251310 Exception <a 'java/lang/NoClassDefFoundError'{0x00000000c6ed0058}: org/flywaydb/core/Flyway> (0x00000000c6ed0058) 
thrown [s\open\src\hotspot\share\oops\constantPool.cpp, line 873]
Event: 5093.298 Thread 0x000001930d251310 Exception <a 'java/lang/NoClassDefFoundError'{0x00000000c6ed06b8}: liquibase/integration/spring/SpringLiquibase> (0x00000000c6ed06b8) 
thrown [s\open\src\hotspot\share\oops\constantPool.cpp, line 873]
Event: 5093.319 Thread 0x000001930d251310 Exception <a 'java/lang/NoClassDefFoundError'{0x00000000c6ef9ce8}: org/jooq/DSLContext> (0x00000000c6ef9ce8) 
thrown [s\open\src\hotspot\share\oops\constantPool.cpp, line 873]
Event: 5093.349 Thread 0x000001930d251310 Exception <a 'java/lang/NoClassDefFoundError'{0x00000000c6d3eec8}: org/springframework/batch/core/repository/JobRepository> (0x00000000c6d3eec8) 
thrown [s\open\src\hotspot\share\oops\constantPool.cpp, line 873]
Event: 5093.349 Thread 0x000001930d251310 Exception <a 'java/lang/NoClassDefFoundError'{0x00000000c6d3f520}: org/quartz/Scheduler> (0x00000000c6d3f520) 
thrown [s\open\src\hotspot\share\oops\constantPool.cpp, line 873]
Event: 5093.349 Thread 0x000001930d251310 Exception <a 'java/lang/NoClassDefFoundError'{0x00000000c6d3fba0}: org/springframework/session/jdbc/JdbcIndexedSessionRepository> (0x00000000c6d3fba0) 
thrown [s\open\src\hotspot\share\oops\constantPool.cpp, line 873]
Event: 5094.526 Thread 0x000001930d251310 Exception <a 'java/io/FileNotFoundException'{0x00000000c65509f0}> (0x00000000c65509f0) 
thrown [s\open\src\hotspot\share\prims\jni.cpp, line 520]
Event: 5095.694 Thread 0x000001930d251310 Exception <a 'java/io/FileNotFoundException'{0x00000000c7b3a1e0}> (0x00000000c7b3a1e0) 
thrown [s\open\src\hotspot\share\prims\jni.cpp, line 520]
Event: 5429.979 Thread 0x000001930d2519a0 Implicit null exception at 0x00000192b8890bce to 0x00000192b8890e94
Event: 5430.985 Thread 0x000001930d2519a0 Implicit null exception at 0x00000192b8890bce to 0x00000192b8890e94
Event: 5431.970 Thread 0x000001930d2519a0 Implicit null exception at 0x00000192b8890bce to 0x00000192b8890e94
Event: 5432.970 Thread 0x000001930d2519a0 Implicit null exception at 0x00000192b8890bce to 0x00000192b8890e94

ZGC Phase Switch (0 events):
No events

VM Operations (20 events):
Event: 5095.345 Executing VM operation: G1PauseRemark
Event: 5095.354 Executing VM operation: G1PauseRemark done
Event: 5095.367 Executing VM operation: G1PauseCleanup
Event: 5095.367 Executing VM operation: G1PauseCleanup done
Event: 5095.904 Executing VM operation: G1CollectForAllocation (G1 Evacuation Pause)
Event: 5095.920 Executing VM operation: G1CollectForAllocation (G1 Evacuation Pause) done
Event: 5096.930 Executing VM operation: Cleanup
Event: 5096.930 Executing VM operation: Cleanup done
Event: 5112.370 Executing VM operation: HandshakeAllThreads (HandshakeForDeflation)
Event: 5112.371 Executing VM operation: HandshakeAllThreads (HandshakeForDeflation) done
Event: 5112.371 Executing VM operation: RendezvousGCThreads
Event: 5112.371 Executing VM operation: RendezvousGCThreads done
Event: 5540.713 Executing VM operation: Cleanup
Event: 5540.722 Executing VM operation: Cleanup done
Event: 5541.737 Executing VM operation: Cleanup
Event: 5541.737 Executing VM operation: Cleanup done
Event: 5574.054 Executing VM operation: Cleanup
Event: 5574.095 Executing VM operation: Cleanup done
Event: 5585.180 Executing VM operation: Cleanup
Event: 5585.182 Executing VM operation: Cleanup done

Events (20 events):
Event: 5095.354 Thread 0x000001930d24f240 Thread added: 0x000001930d24f240
Event: 5095.695 Thread 0x000001930d24ff60 Thread added: 0x000001930d24ff60
Event: 5095.695 Thread 0x000001930d2519a0 Thread added: 0x000001930d2519a0
Event: 5095.696 Thread 0x000001930d24e520 Thread added: 0x000001930d24e520
Event: 5095.940 Thread 0x000001930d2554b0 Thread added: 0x000001930d2554b0
Event: 5095.955 Thread 0x000001930d254790 Thread added: 0x000001930d254790
Event: 5095.955 Thread 0x000001930d254e20 Thread added: 0x000001930d254e20
Event: 5095.956 Thread 0x000001930d2526c0 Thread added: 0x000001930d2526c0
Event: 5095.956 Thread 0x000001930d252d50 Thread added: 0x000001930d252d50
Event: 5095.956 Thread 0x000001930d2533e0 Thread added: 0x000001930d2533e0
Event: 5095.957 Thread 0x000001930d254100 Thread added: 0x000001930d254100
Event: 5095.957 Thread 0x0000019309e383e0 Thread added: 0x0000019309e383e0
Event: 5095.957 Thread 0x0000019309e3ab40 Thread added: 0x0000019309e3ab40
Event: 5095.957 Thread 0x0000019309e376c0 Thread added: 0x0000019309e376c0
Event: 5095.958 Thread 0x0000019309e3a4b0 Thread added: 0x0000019309e3a4b0
Event: 5095.969 Thread 0x0000019309e3b1d0 Thread added: 0x0000019309e3b1d0
Event: 5095.969 Thread 0x0000019309e37d50 Thread added: 0x0000019309e37d50
Event: 5096.159 Thread 0x000001930d251310 Thread exited: 0x000001930d251310
Event: 5096.160 Thread 0x000001930d252030 Thread exited: 0x000001930d252030
Event: 5100.809 Thread 0x000001930d24f240 Thread exited: 0x000001930d24f240


Dynamic libraries:
0x00007ff776ee0000 - 0x00007ff776ef0000 	C:\Program Files\Java\jdk-21\bin\javaw.exe
0x00007ffefbd00000 - 0x00007ffefbf68000 	C:\WINDOWS\SYSTEM32\ntdll.dll
0x00007ffefba10000 - 0x00007ffefbad9000 	C:\WINDOWS\System32\KERNEL32.DLL
0x00007ffef9130000 - 0x00007ffef9522000 	C:\WINDOWS\System32\KERNELBASE.dll
0x00007ffef98d0000 - 0x00007ffef9a1b000 	C:\WINDOWS\System32\ucrtbase.dll
0x00007ffed61c0000 - 0x00007ffed61d9000 	C:\Program Files\Java\jdk-21\bin\jli.dll
0x00007ffed56d0000 - 0x00007ffed56eb000 	C:\Program Files\Java\jdk-21\bin\VCRUNTIME140.dll
0x00007ffef9ad0000 - 0x00007ffef9b84000 	C:\WINDOWS\System32\ADVAPI32.dll
0x00007ffefabc0000 - 0x00007ffefac69000 	C:\WINDOWS\System32\msvcrt.dll
0x00007ffefa410000 - 0x00007ffefa4b6000 	C:\WINDOWS\System32\sechost.dll
0x00007ffefbba0000 - 0x00007ffefbcb8000 	C:\WINDOWS\System32\RPCRT4.dll
0x00007ffefb520000 - 0x00007ffefb6e5000 	C:\WINDOWS\System32\USER32.dll
0x00007ffef98a0000 - 0x00007ffef98c7000 	C:\WINDOWS\System32\win32u.dll
0x00007ffee5070000 - 0x00007ffee5303000 	C:\WINDOWS\WinSxS\amd64_microsoft.windows.common-controls_6595b64144ccf1df_6.0.26100.6725_none_3e085828e334708b\COMCTL32.dll
0x00007ffef9b90000 - 0x00007ffef9bbb000 	C:\WINDOWS\System32\GDI32.dll
0x00007ffef8e90000 - 0x00007ffef8fbd000 	C:\WINDOWS\System32\gdi32full.dll
0x00007ffef9a20000 - 0x00007ffef9ac3000 	C:\WINDOWS\System32\msvcp_win.dll
0x00007ffef1090000 - 0x00007ffef109b000 	C:\WINDOWS\SYSTEM32\VERSION.dll
0x00007ffefbb60000 - 0x00007ffefbb8f000 	C:\WINDOWS\System32\IMM32.DLL
0x00007ffed61b0000 - 0x00007ffed61bc000 	C:\Program Files\Java\jdk-21\bin\vcruntime140_1.dll
0x00007ffed5640000 - 0x00007ffed56ce000 	C:\Program Files\Java\jdk-21\bin\msvcp140.dll
0x00007ffed4920000 - 0x00007ffed563d000 	C:\Program Files\Java\jdk-21\bin\server\jvm.dll
0x00007ffefa330000 - 0x00007ffefa3a4000 	C:\WINDOWS\System32\WS2_32.dll
0x00007ffef8d10000 - 0x00007ffef8d6e000 	C:\WINDOWS\SYSTEM32\POWRPROF.dll
0x00007ffee53b0000 - 0x00007ffee53e5000 	C:\WINDOWS\SYSTEM32\WINMM.dll
0x00007ffef8cf0000 - 0x00007ffef8d04000 	C:\WINDOWS\SYSTEM32\UMPDC.dll
0x00007ffef7c40000 - 0x00007ffef7c5b000 	C:\WINDOWS\SYSTEM32\kernel.appcore.dll
0x00007ffed48f0000 - 0x00007ffed48fa000 	C:\Program Files\Java\jdk-21\bin\jimage.dll
0x00007ffef6610000 - 0x00007ffef6852000 	C:\WINDOWS\SYSTEM32\DBGHELP.DLL
0x00007ffefad50000 - 0x00007ffefb0cb000 	C:\WINDOWS\System32\combase.dll
0x00007ffefac70000 - 0x00007ffefad47000 	C:\WINDOWS\System32\OLEAUT32.dll
0x00007ffee35f0000 - 0x00007ffee362c000 	C:\WINDOWS\SYSTEM32\dbgcore.DLL
0x00007ffef9770000 - 0x00007ffef9808000 	C:\WINDOWS\System32\bcryptPrimitives.dll
0x00007ffed4770000 - 0x00007ffed478f000 	C:\Program Files\Java\jdk-21\bin\java.dll
0x00007ffef9be0000 - 0x00007ffefa32c000 	C:\WINDOWS\System32\SHELL32.dll
0x00007ffef8fc0000 - 0x00007ffef912b000 	C:\WINDOWS\System32\wintypes.dll
0x00007ffef6ac0000 - 0x00007ffef731d000 	C:\WINDOWS\SYSTEM32\windows.storage.dll
0x00007ffefa510000 - 0x00007ffefa602000 	C:\WINDOWS\System32\SHCORE.dll
0x00007ffefb970000 - 0x00007ffefb9d2000 	C:\WINDOWS\System32\shlwapi.dll
0x00007ffef8db0000 - 0x00007ffef8dd9000 	C:\WINDOWS\SYSTEM32\profapi.dll
0x00007ffed45b0000 - 0x00007ffed4687000 	C:\Program Files\Java\jdk-21\bin\jsvml.dll
0x00007ffed45a0000 - 0x00007ffed45b0000 	C:\Program Files\Java\jdk-21\bin\net.dll
0x00007ffef0cc0000 - 0x00007ffef0ddf000 	C:\WINDOWS\SYSTEM32\WINHTTP.dll
0x00007ffef81d0000 - 0x00007ffef823b000 	C:\WINDOWS\system32\mswsock.dll
0x00007ffed4510000 - 0x00007ffed4526000 	C:\Program Files\Java\jdk-21\bin\nio.dll
0x00007ffed4490000 - 0x00007ffed44a8000 	C:\Program Files\Java\jdk-21\bin\zip.dll
0x00007ffed4700000 - 0x00007ffed470a000 	C:\Program Files\Java\jdk-21\bin\management.dll
0x00007ffed46f0000 - 0x00007ffed46fb000 	C:\Program Files\Java\jdk-21\bin\management_ext.dll
0x00007ffef9bc0000 - 0x00007ffef9bc8000 	C:\WINDOWS\System32\PSAPI.DLL
0x00007ffed58d0000 - 0x00007ffed58de000 	C:\Program Files\Java\jdk-21\bin\sunmscapi.dll
0x00007ffef95f0000 - 0x00007ffef9767000 	C:\WINDOWS\System32\CRYPT32.dll
0x00007ffef86a0000 - 0x00007ffef86d0000 	C:\WINDOWS\SYSTEM32\ncrypt.dll
0x00007ffef8650000 - 0x00007ffef868f000 	C:\WINDOWS\SYSTEM32\NTASN1.dll
0x00007ffef8480000 - 0x00007ffef849b000 	C:\WINDOWS\SYSTEM32\CRYPTSP.dll
0x00007ffef7ba0000 - 0x00007ffef7bdb000 	C:\WINDOWS\system32\rsaenh.dll
0x00007ffef8270000 - 0x00007ffef829b000 	C:\WINDOWS\SYSTEM32\USERENV.dll
0x00007ffef8d80000 - 0x00007ffef8da6000 	C:\WINDOWS\SYSTEM32\bcrypt.dll
0x00007ffef84a0000 - 0x00007ffef84ac000 	C:\WINDOWS\SYSTEM32\CRYPTBASE.dll
0x00007ffef7680000 - 0x00007ffef76b4000 	C:\WINDOWS\SYSTEM32\IPHLPAPI.DLL
0x00007ffef9bd0000 - 0x00007ffef9bda000 	C:\WINDOWS\System32\NSI.dll
0x00007ffed6030000 - 0x00007ffed6040000 	C:\Program Files\Java\jdk-21\bin\verify.dll
0x00007ffef7720000 - 0x00007ffef7846000 	C:\WINDOWS\SYSTEM32\DNSAPI.dll
0x00007ffee92d0000 - 0x00007ffee92db000 	C:\Windows\System32\rasadhlp.dll
0x00007ffeeb970000 - 0x00007ffeeb9f6000 	C:\WINDOWS\System32\fwpuclnt.dll
0x00007ffed6040000 - 0x00007ffed6049000 	C:\Program Files\Java\jdk-21\bin\extnet.dll
0x00007ffed4710000 - 0x00007ffed4718000 	C:\WINDOWS\system32\wshunix.dll

dbghelp: loaded successfully - version: 4.0.5 - missing functions: none
symbol engine: initialized successfully - sym options: 0x614 - pdb path: .;C:\Program Files\Java\jdk-21\bin;C:\WINDOWS\SYSTEM32;C:\WINDOWS\WinSxS\amd64_microsoft.windows.common-controls_6595b64144ccf1df_6.0.26100.6725_none_3e085828e334708b;C:\Program Files\Java\jdk-21\bin\server

VM Arguments:
jvm_args: -Dfile.encoding=UTF-8 -Dstdout.encoding=UTF-8 -Dstderr.encoding=UTF-8 -XX:+ShowCodeDetailsInExceptionMessages 
java_command: com.example.hms.HmsApplication
java_class_path (initial): C:\Users\Lenovo\Downloads\hms\hms\target\classes;C:\Users\Lenovo\.m2\repository\org\springframework\boot\spring-boot-starter-data-jpa\3.5.6\spring-boot-starter-data-jpa-3.5.6.jar;C:\Users\Lenovo\.m2\repository\org\springframework\boot\spring-boot-starter\3.5.6\spring-boot-starter-3.5.6.jar;C:\Users\Lenovo\.m2\repository\org\springframework\boot\spring-boot-starter-logging\3.5.6\spring-boot-starter-logging-3.5.6.jar;C:\Users\Lenovo\.m2\repository\ch\qos\logback\logback-classic\1.5.18\logback-classic-1.5.18.jar;C:\Users\Lenovo\.m2\repository\ch\qos\logback\logback-core\1.5.18\logback-core-1.5.18.jar;C:\Users\Lenovo\.m2\repository\org\apache\logging\log4j\log4j-to-slf4j\2.24.3\log4j-to-slf4j-2.24.3.jar;C:\Users\Lenovo\.m2\repository\org\apache\logging\log4j\log4j-api\2.24.3\log4j-api-2.24.3.jar;C:\Users\Lenovo\.m2\repository\org\slf4j\jul-to-slf4j\2.0.17\jul-to-slf4j-2.0.17.jar;C:\Users\Lenovo\.m2\repository\jakarta\annotation\jakarta.annotation-api\2.1.1\jakarta.annotation-api-2.1.1.jar;C:\Users\Lenovo\.m2\repository\org\yaml\snakeyaml\2.4\snakeyaml-2.4.jar;C:\Users\Lenovo\.m2\repository\org\springframework\boot\spring-boot-starter-jdbc\3.5.6\spring-boot-starter-jdbc-3.5.6.jar;C:\Users\Lenovo\.m2\repository\com\zaxxer\HikariCP\6.3.3\HikariCP-6.3.3.jar;C:\Users\Lenovo\.m2\repository\org\springframework\spring-jdbc\6.2.11\spring-jdbc-6.2.11.jar;C:\Users\Lenovo\.m2\repository\org\hibernate\orm\hibernate-core\6.6.29.Final\hibernate-core-6.6.29.Final.jar;C:\Users\Lenovo\.m2\repository\jakarta\persistence\jakarta.persistence-api\3.1.0\jakarta.persistence-api-3.1.0.jar;C:\Users\Lenovo\.m2\repository\jakarta\transaction\jakarta.transaction-api\2.0.1\jakarta.transaction-api-2.0.1.jar;C:\Users\Lenovo\.m2\repository\org\jboss\logging\jboss-logging\3.6.1.Final\jboss-logging-3.6.1.Final.jar;C:\Users\Lenovo\.m2\repository\org\hibernate\common\hibernate-commons-annotations\7.0.3.Final\hibernate-commons-annotations-7.0.3.Final.jar;C:\Users\Lenovo\.m2\repository\io\smallrye\jandex\3.2.0\jandex-3.2.0.jar;C:\Users\Lenovo\.m2\repository\com\fasterxml\classmate\1.7.0\classmate-1.7.0.jar;C:\Users\Lenovo\.m2\repository\net\bytebuddy\byte-buddy\1.17.7\byte-buddy-1.17.7.jar;C:\Users\Lenovo\.m2\repository\org\glassfish\jaxb\jaxb-runtime\4.0.5\jaxb-runtime-4.0.5.jar;C:\Users\Lenovo\.m2\repository\org\glassfish\jaxb\jaxb-core\4.0.5\jaxb-core-4.0.5.jar;C:\Users\Lenovo\.m2\repository\org\eclipse\angus\angus-activation\2.0.2\angus-activation-2.0.2.jar;C:\Users\Lenovo\.m2\repository\org\glassfish\jaxb\txw2\4.0.5\txw2-4.0.5.jar;C:\Users\Lenovo\.m2\repository\com\sun\istack\istack-commons-runtime\4.1.2\istack-commons-runtime-4.1.2.jar;C:\Users\Lenovo\.m2\repository\jakarta\inject\jakarta.inject-api\2.0.1\jakarta.inject-api-2.0.1.jar;C:\Users\Lenovo\.m2\repository\org\antlr\antlr4-runtime\4.13.0\antlr4-runtime-4.13.0.jar;C:\Users\Lenovo\.m2\repository\org\springframework\data\spring-data-jpa\3.5.4\spring-data-jpa-3.5.4.jar;C:\Users\Lenovo\.m2\repository\org\springframework\data\spring-data-commons\3.5.4\spring-data-commons-3.5.4.jar;C:\Users\Lenovo\.m2\repository\org\springframework\spring-orm\6.2.11\spring-orm-6.2.11.jar;C:\Users\Lenovo\.m2\repository\org\springframework\spring-context\6.2.11\spring-context-6.2.11.jar;C:\Users\Lenovo\.m2\repository\org\springframework\spring-tx\6.2.11\spring-tx-6.2.11.jar;C:\Users\Lenovo\.m2\repository\org\springframework\spring-beans\6.2.11\spring-beans-6.2.11.jar;C:\Users\Lenovo\.m2\repository\org\slf4j\slf4j-api\2.0.17\slf4j-api-2.0.17.jar;C:\Users\Lenovo\.m2\repository\org\springframework\spring-aspects\6.2.11\spring-aspects-6.2.11.jar;C:\Users\Lenovo\.m2\repository\org\aspectj\aspectjweaver\1.9.24\aspectjweaver-1.9.24.jar;C:\Users\Lenovo\.m2\repository\org\springframework\boot\spring-boot-starter-security\3.5.6\spring-boot-starter-security-3.5.6.jar;C:\Users\Lenovo\.m2\repository\org\springframework\spring-aop\6.2.11\spring-aop-6.2.11.jar;C:\Users\Lenovo\.m2\repository\org\springframework\security\spring-security-config\6.5.5\spring-security-config-6.5.5.jar;C:\Users\Lenovo\.m2\repository\org\springframework\security\spring-security-web\6.5.5\spring-security-web-6.5.5.jar;C:\Users\Lenovo\.m2\repository\org\springframework\spring-expression\6.2.11\spring-expression-6.2.11.jar;C:\Users\Lenovo\.m2\repository\org\springframework\boot\spring-boot-starter-validation\3.5.6\spring-boot-starter-validation-3.5.6.jar;C:\Users\Lenovo\.m2\repository\org\apache\tomcat\embed\tomcat-embed-el\10.1.46\tomcat-embed-el-10.1.46.jar;C:\Users\Lenovo\.m2\repository\org\hibernate\validator\hibernate-validator\8.0.3.Final\hibernate-validator-8.0.3.Final.jar;C:\Users\Lenovo\.m2\repository\jakarta\validation\jakarta.validation-api\3.0.2\jakarta.validation-api-3.0.2.jar;C:\Users\Lenovo\.m2\repository\org\springframework\boot\spring-boot-starter-web\3.5.6\spring-boot-starter-web-3.5.6.jar;C:\Users\Lenovo\.m2\repository\org\springframework\boot\spring-boot-starter-json\3.5.6\spring-boot-starter-json-3.5.6.jar;C:\Users\Lenovo\.m2\repository\com\fasterxml\jackson\datatype\jackson-datatype-jdk8\2.19.2\jackson-datatype-jdk8-2.19.2.jar;C:\Users\Lenovo\.m2\repository\com\fasterxml\jackson\datatype\jackson-datatype-jsr310\2.19.2\jackson-datatype-jsr310-2.19.2.jar;C:\Users\Lenovo\.m2\repository\com\fasterxml\jackson\module\jackson-module-parameter-names\2.19.2\jackson-module-parameter-names-2.19.2.jar;C:\Users\Lenovo\.m2\repository\org\springframework\boot\spring-boot-starter-tomcat\3.5.6\spring-boot-starter-tomcat-3.5.6.jar;C:\Users\Lenovo\.m2\repository\org\apache\tomcat\embed\tomcat-embed-core\10.1.46\tomcat-embed-core-10.1.46.jar;C:\Users\Lenovo\.m2\repository\org\apache\tomcat\embed\tomcat-embed-websocket\10.1.46\tomcat-embed-websocket-10.1.46.jar;C:\Users\Lenovo\.m2\repository\org\springframework\spring-web\6.2.11\spring-web-6.2.11.jar;C:\Users\Lenovo\.m2\repository\io\micrometer\micrometer-observation\1.15.4\micrometer-observation-1.15.4.jar;C:\Users\Lenovo\.m2\repository\io\micrometer\micrometer-commons\1.15.4\micrometer-commons-1.15.4.jar;C:\Users\Lenovo\.m2\repository\org\springframework\spring-webmvc\6.2.11\spring-webmvc-6.2.11.jar;C:\Users\Lenovo\.m2\repository\org\springframework\boot\spring-boot-devtools\3.5.6\spring-boot-devtools-3.5.6.jar;C:\Users\Lenovo\.m2\repository\org\springframework\boot\spring-boot\3.5.6\spring-boot-3.5.6.jar;C:\Users\Lenovo\.m2\repository\org\springframework\boot\spring-boot-autoconfigure\3.5.6\spring-boot-autoconfigure-3.5.6.jar;C:\Users\Lenovo\.m2\repository\com\mysql\mysql-connector-j\9.4.0\mysql-connector-j-9.4.0.jar;C:\Users\Lenovo\.m2\repository\org\projectlombok\lombok\1.18.40\lombok-1.18.40.jar;C:\Users\Lenovo\.m2\repository\io\jsonwebtoken\jjwt-api\0.11.5\jjwt-api-0.11.5.jar;C:\Users\Lenovo\.m2\repository\io\jsonwebtoken\jjwt-impl\0.11.5\jjwt-impl-0.11.5.jar;C:\Users\Lenovo\.m2\repository\io\jsonwebtoken\jjwt-jackson\0.11.5\jjwt-jackson-0.11.5.jar;C:\Users\Lenovo\.m2\repository\com\fasterxml\jackson\core\jackson-databind\2.19.2\jackson-databind-2.19.2.jar;C:\Users\Lenovo\.m2\repository\com\fasterxml\jackson\core\jackson-annotations\2.19.2\jackson-annotations-2.19.2.jar;C:\Users\Lenovo\.m2\repository\com\fasterxml\jackson\core\jackson-core\2.19.2\jackson-core-2.19.2.jar;C:\Users\Lenovo\.m2\repository\jakarta\xml\bind\jakarta.xml.bind-api\4.0.2\jakarta.xml.bind-api-4.0.2.jar;C:\Users\Lenovo\.m2\repository\jakarta\activation\jakarta.activation-api\2.1.4\jakarta.activation-api-2.1.4.jar;C:\Users\Lenovo\.m2\repository\org\springframework\spring-core\6.2.11\spring-core-6.2.11.jar;C:\Users\Lenovo\.m2\repository\org\springframework\spring-jcl\6.2.11\spring-jcl-6.2.11.jar;C:\Users\Lenovo\.m2\repository\org\springframework\security\spring-security-core\6.5.5\spring-security-core-6.5.5.jar;C:\Users\Lenovo\.m2\repository\org\springframework\security\spring-security-crypto\6.5.5\spring-security-crypto-6.5.5.jar
Launcher Type: SUN_STANDARD

[Global flags]
     intx CICompilerCount                          = 4                                         {product} {ergonomic}
     uint ConcGCThreads                            = 2                                         {product} {ergonomic}
     uint G1ConcRefinementThreads                  = 8                                         {product} {ergonomic}
   size_t G1HeapRegionSize                         = 1048576                                   {product} {ergonomic}
    uintx GCDrainStackTargetSize                   = 64                                        {product} {ergonomic}
   size_t InitialHeapSize                          = 65011712                                  {product} {ergonomic}
   size_t MarkStackSize                            = 4194304                                   {product} {ergonomic}
   size_t MaxHeapSize                              = 1021313024                                {product} {ergonomic}
   size_t MaxNewSize                               = 612368384                                 {product} {ergonomic}
   size_t MinHeapDeltaBytes                        = 1048576                                   {product} {ergonomic}
   size_t MinHeapSize                              = 8388608                                   {product} {ergonomic}
    uintx NonNMethodCodeHeapSize                   = 5839372                                {pd product} {ergonomic}
    uintx NonProfiledCodeHeapSize                  = 122909434                              {pd product} {ergonomic}
    uintx ProfiledCodeHeapSize                     = 122909434                              {pd product} {ergonomic}
    uintx ReservedCodeCacheSize                    = 251658240                              {pd product} {ergonomic}
     bool SegmentedCodeCache                       = true                                      {product} {ergonomic}
     bool ShowCodeDetailsInExceptionMessages       = true                                   {manageable} {command line}
   size_t SoftMaxHeapSize                          = 1021313024                             {manageable} {ergonomic}
     bool UseCompressedOops                        = true                           {product lp64_product} {ergonomic}
     bool UseG1GC                                  = true                                      {product} {ergonomic}
     bool UseLargePagesIndividualAllocation        = false                                  {pd product} {ergonomic}

Logging:
Log output configuration:
 #0: stdout all=warning uptime,level,tags foldmultilines=false
 #1: stderr all=off uptime,level,tags foldmultilines=false

Environment Variables:
JAVA_HOME=C:\Program Files\Java\jdk-21
PATH=C:/Program Files/Java/jdk-21/bin/server;C:/Program Files/Java/jdk-21/bin;C:\Python311\Scripts\;C:\Python311\;C:\WINDOWS\system32;C:\WINDOWS;C:\WINDOWS\System32\Wbem;C:\WINDOWS\System32\WindowsPowerShell\v1.0\;C:\WINDOWS\System32\OpenSSH\;C:\ProgramData\chocolatey\bin;C:\Program Files (x86)\nodejs;C:\Program Files (x86)\nodejs\;C:\Program Files\Git\cmd;C:\Program Files\MongoDB\Server\7.0\bin;C:\Program Files\Docker\Docker\resources\bin;C:\Program Files\MySQL\MySQL Server 8.0\bin;C:\Program Files\Java\jdk-21\bin;C:\Program Files\MySQL\MySQL Shell 8.0\bin\;C:\Users\Lenovo\AppData\Local\Microsoft\WindowsApps;C:\Users\Lenovo\AppData\Roaming\npm;C:\Users\Lenovo\AppData\Local\Programs\Microsoft VS Code\bin;C:\Users\Lenovo\AppData\Local\Programs\mongosh\;C:\Program Files\Java\jdk-21\bin;;C:\WINDOWS\System32;
USERNAME=Lenovo
OS=Windows_NT
PROCESSOR_IDENTIFIER=Intel64 Family 6 Model 126 Stepping 5, GenuineIntel
TMP=C:\Users\Lenovo\AppData\Local\Temp
TEMP=C:\Users\Lenovo\AppData\Local\Temp




Periodic native trim disabled

---------------  S Y S T E M  ---------------

OS:
 Windows 11 , 64 bit Build 26100 (10.0.26100.6725)
OS uptime: 2 days 0:55 hours
Hyper-V role detected

CPU: total 8 (initial active 8) (4 cores per cpu, 2 threads per core) family 6 model 126 stepping 5 microcode 0xb0, cx8, cmov, fxsr, ht, mmx, 3dnowpref, sse, sse2, sse3, ssse3, sse4.1, sse4.2, popcnt, lzcnt, tsc, tscinvbit, avx, avx2, aes, erms, clmul, bmi1, bmi2, adx, avx512f, avx512dq, avx512cd, avx512bw, avx512vl, sha, fma, vzeroupper, avx512_vpopcntdq, avx512_vpclmulqdq, avx512_vaes, avx512_vnni, clflush, clflushopt, avx512_vbmi2, avx512_vbmi, hv, rdtscp, rdpid, fsrm, gfni, avx512_bitalg, f16c, avx512_ifma
Processor Information for all 8 processors :
  Max Mhz: 1190, Current Mhz: 991, Mhz Limit: 987

Memory: 4k page, system-wide physical 3891M (362M free)
TotalPageFile size 15667M (AvailPageFile size 17M)
current process WorkingSet (physical memory assigned to process): 45M, peak: 275M
current process commit charge ("private bytes"): 371M, peak: 376M

vm_info: Java HotSpot(TM) 64-Bit Server VM (21.0.8+12-LTS-250) for windows-amd64 JRE (21.0.8+12-LTS-250), built on 2025-06-27T08:11:22Z by "mach5one" with MS VC++ 17.6 (VS2022)

END.
